<?xml version="1.0" encoding="UTF-8"?>
<testsuite xmlns:xsi="http://www.w3.org/2001/XMLSchema-instance" xsi:noNamespaceSchemaLocation="https://maven.apache.org/surefire/maven-surefire-plugin/xsd/surefire-test-report.xsd" name="ro.lab2svv.AppTest" time="0.189" tests="18" errors="0" skipped="0" failures="0">
  <properties>
    <property name="sun.desktop" value="windows"/>
    <property name="awt.toolkit" value="sun.awt.windows.WToolkit"/>
    <property name="file.encoding.pkg" value="sun.io"/>
    <property name="java.specification.version" value="1.8"/>
    <property name="sun.cpu.isalist" value="amd64"/>
    <property name="sun.jnu.encoding" value="Cp1252"/>
    <property name="java.class.path" value="D:\Facultate\SSVV\02\Solution\Lab02\target\test-classes;D:\Facultate\SSVV\02\Solution\Lab02\target\classes;C:\Users\cbie2\.m2\repository\junit\junit\4.11\junit-4.11.jar;C:\Users\cbie2\.m2\repository\org\hamcrest\hamcrest-core\1.3\hamcrest-core-1.3.jar;"/>
    <property name="java.vm.vendor" value="Oracle Corporation"/>
    <property name="sun.arch.data.model" value="64"/>
    <property name="user.variant" value=""/>
    <property name="java.vendor.url" value="http://java.oracle.com/"/>
    <property name="user.timezone" value="Europe/Athens"/>
    <property name="java.vm.specification.version" value="1.8"/>
    <property name="os.name" value="Windows 10"/>
    <property name="user.country" value="US"/>
    <property name="sun.java.launcher" value="SUN_STANDARD"/>
    <property name="sun.boot.library.path" value="C:\Program Files\Java\jdk1.8.0_241\jre\bin"/>
    <property name="sun.java.command" value="C:\Users\cbie2\AppData\Local\Temp\surefire8073764209432933681\surefirebooter8917141327702194366.jar C:\Users\cbie2\AppData\Local\Temp\surefire8073764209432933681 2020-04-06T10-20-30_551-jvmRun1 surefire8333633227616760439tmp surefire_01625218060970376964tmp"/>
    <property name="surefire.test.class.path" value="D:\Facultate\SSVV\02\Solution\Lab02\target\test-classes;D:\Facultate\SSVV\02\Solution\Lab02\target\classes;C:\Users\cbie2\.m2\repository\junit\junit\4.11\junit-4.11.jar;C:\Users\cbie2\.m2\repository\org\hamcrest\hamcrest-core\1.3\hamcrest-core-1.3.jar;"/>
    <property name="sun.cpu.endian" value="little"/>
    <property name="user.home" value="C:\Users\cbie2"/>
    <property name="user.language" value="en"/>
    <property name="java.specification.vendor" value="Oracle Corporation"/>
    <property name="java.home" value="C:\Program Files\Java\jdk1.8.0_241\jre"/>
    <property name="basedir" value="D:\Facultate\SSVV\02\Solution\Lab02"/>
    <property name="file.separator" value="\"/>
    <property name="line.separator" value="&#10;"/>
    <property name="java.vm.specification.vendor" value="Oracle Corporation"/>
    <property name="java.specification.name" value="Java Platform API Specification"/>
    <property name="java.awt.graphicsenv" value="sun.awt.Win32GraphicsEnvironment"/>
    <property name="surefire.real.class.path" value="C:\Users\cbie2\AppData\Local\Temp\surefire8073764209432933681\surefirebooter8917141327702194366.jar"/>
    <property name="sun.boot.class.path" value="C:\Program Files\Java\jdk1.8.0_241\jre\lib\resources.jar;C:\Program Files\Java\jdk1.8.0_241\jre\lib\rt.jar;C:\Program Files\Java\jdk1.8.0_241\jre\lib\sunrsasign.jar;C:\Program Files\Java\jdk1.8.0_241\jre\lib\jsse.jar;C:\Program Files\Java\jdk1.8.0_241\jre\lib\jce.jar;C:\Program Files\Java\jdk1.8.0_241\jre\lib\charsets.jar;C:\Program Files\Java\jdk1.8.0_241\jre\lib\jfr.jar;C:\Program Files\Java\jdk1.8.0_241\jre\classes"/>
    <property name="user.script" value=""/>
    <property name="sun.management.compiler" value="HotSpot 64-Bit Tiered Compilers"/>
    <property name="java.runtime.version" value="1.8.0_241-b07"/>
    <property name="user.name" value="cbie2"/>
    <property name="path.separator" value=";"/>
    <property name="os.version" value="10.0"/>
    <property name="java.endorsed.dirs" value="C:\Program Files\Java\jdk1.8.0_241\jre\lib\endorsed"/>
    <property name="java.runtime.name" value="Java(TM) SE Runtime Environment"/>
    <property name="file.encoding" value="Cp1252"/>
    <property name="java.vm.name" value="Java HotSpot(TM) 64-Bit Server VM"/>
    <property name="localRepository" value="C:\Users\cbie2\.m2\repository"/>
    <property name="java.vendor.url.bug" value="http://bugreport.sun.com/bugreport/"/>
    <property name="java.io.tmpdir" value="C:\Users\cbie2\AppData\Local\Temp\"/>
    <property name="java.version" value="1.8.0_241"/>
    <property name="user.dir" value="D:\Facultate\SSVV\02\Solution\Lab02"/>
    <property name="os.arch" value="amd64"/>
    <property name="java.vm.specification.name" value="Java Virtual Machine Specification"/>
    <property name="java.awt.printerjob" value="sun.awt.windows.WPrinterJob"/>
    <property name="sun.os.patch.level" value=""/>
    <property name="idea.version2019.3.3" value="true"/>
    <property name="java.library.path" value="C:\Program Files\Java\jdk1.8.0_241\jre\bin;C:\Windows\Sun\Java\bin;C:\Windows\system32;C:\Windows;C:\Program Files (x86)\Common Files\Oracle\Java\javapath;C:\Windows\system32;C:\Windows;C:\Windows\System32\Wbem;C:\Windows\System32\WindowsPowerShell\v1.0\;C:\Windows\System32\OpenSSH\;C:\Program Files\dotnet\;C:\Program Files\nodejs\;C:\Program Files\Microsoft SQL Server\130\Tools\Binn\;C:\Program Files\Microsoft SQL Server\Client SDK\ODBC\170\Tools\Binn\;C:\Program Files (x86)\NoteBook FanControl\;C:\Program Files\TortoiseSVN\bin;C:\Program Files\NVIDIA Corporation\NVIDIA NvDLISR;C:\Users\cbie2\AppData\Local\GitHubDesktop\app-2.3.1\resources\app\git\cmd;C:\Program Files\Git\cmd;C:\Users\cbie2\AppData\Local\Microsoft\WindowsApps;C:\Program Files\JetBrains\IntelliJ IDEA 2019.3.3\bin;;C:\Users\cbie2\AppData\Local\GitHubDesktop\bin;C:\Users\cbie2\AppData\Local\Programs\Microsoft VS Code\bin;C:\Users\cbie2\AppData\Roaming\npm;."/>
    <property name="java.vm.info" value="mixed mode"/>
    <property name="java.vendor" value="Oracle Corporation"/>
    <property name="java.vm.version" value="25.241-b07"/>
    <property name="java.ext.dirs" value="C:\Program Files\Java\jdk1.8.0_241\jre\lib\ext;C:\Windows\Sun\Java\lib\ext"/>
    <property name="sun.io.unicode.encoding" value="UnicodeLittle"/>
    <property name="java.class.version" value="52.0"/>
  </properties>
  <testcase name="shouldHaveNameTrue" classname="ro.lab2svv.AppTest" time="0.007"/>
  <testcase name="TemaShouldHaveIdTrue" classname="ro.lab2svv.AppTest" time="0.001"/>
  <testcase name="shouldHaveGroupTrue" classname="ro.lab2svv.AppTest" time="0"/>
  <testcase name="shouldBeOnlyOneTrue" classname="ro.lab2svv.AppTest" time="0"/>
  <testcase name="shouldHaveDeadlineTrue" classname="ro.lab2svv.AppTest" time="0.047"/>
  <testcase name="TemaShouldHaveIdFalse" classname="ro.lab2svv.AppTest" time="0.013"/>
  <testcase name="test2AddStudentMethod" classname="ro.lab2svv.AppTest" time="0"/>
  <testcase name="shouldHaveGroupFalse" classname="ro.lab2svv.AppTest" time="0.012"/>
  <testcase name="test2AddAssignmentMethod" classname="ro.lab2svv.AppTest" time="0"/>
  <testcase name="shouldHaveStartlineTrue" classname="ro.lab2svv.AppTest" time="0.026"/>
  <testcase name="shouldHaveNameFalse" classname="ro.lab2svv.AppTest" time="0.012"/>
  <testcase name="shouldHaveIdFalse" classname="ro.lab2svv.AppTest" time="0.011"/>
  <testcase name="shouldBeOnlyOneFalse" classname="ro.lab2svv.AppTest" time="0"/>
  <testcase name="shouldHaveDescFalse" classname="ro.lab2svv.AppTest" time="0.012"/>
  <testcase name="shouldHaveIdTrue" classname="ro.lab2svv.AppTest" time="0"/>
  <testcase name="shouldHaveDescTrue" classname="ro.lab2svv.AppTest" time="0"/>
  <testcase name="testAddAssignmentMethod" classname="ro.lab2svv.AppTest" time="0"/>
  <testcase name="testAddStudentMethod" classname="ro.lab2svv.AppTest" time="0"/>
</testsuite>